[15-Jul-2017 08:31:10 UTC] PHP Parse error:  syntax error, unexpected 't' (T_STRING), expecting ')' in /home/ubuntu/workspace/Week 2/Task 1/index.php on line 9
[15-Jul-2017 08:33:16 UTC] PHP Parse error:  syntax error, unexpected end of file in /home/ubuntu/workspace/Week 2/Task 1/index.php on line 116
[16-Jul-2017 09:27:19 UTC] PHP Parse error:  syntax error, unexpected 'include' (T_INCLUDE), expecting ',' or ';' in /home/ubuntu/workspace/Week 2/Task 2/index.php on line 3
[16-Jul-2017 09:51:13 UTC] PHP Fatal error:  Call to undefined method wp\Post::getComment() in /home/ubuntu/workspace/Week 2/Task 2/index.php on line 96
[16-Jul-2017 09:51:13 UTC] PHP Stack trace:
[16-Jul-2017 09:51:13 UTC] PHP   1. {main}() /home/ubuntu/workspace/Week 2/Task 2/index.php:0
[16-Jul-2017 10:09:32 UTC] PHP Fatal error:  Cannot use object of type wp\Post as array in /home/ubuntu/workspace/Week 2/Task 2/index.php on line 91
[16-Jul-2017 10:09:32 UTC] PHP Stack trace:
[16-Jul-2017 10:09:32 UTC] PHP   1. {main}() /home/ubuntu/workspace/Week 2/Task 2/index.php:0
[16-Jul-2017 11:24:00 UTC] PHP Warning:  include(classes\postSeeder.php): failed to open stream: No such file or directory in /home/ubuntu/workspace/Week 2/Task 2/index.php on line 3
[16-Jul-2017 11:24:00 UTC] PHP Stack trace:
[16-Jul-2017 11:24:00 UTC] PHP   1. {main}() /home/ubuntu/workspace/Week 2/Task 2/index.php:0
[16-Jul-2017 11:24:00 UTC] PHP Warning:  include(): Failed opening 'classes\postSeeder.php' for inclusion (include_path='.:/usr/share/php:/usr/share/pear') in /home/ubuntu/workspace/Week 2/Task 2/index.php on line 3
[16-Jul-2017 11:24:00 UTC] PHP Stack trace:
[16-Jul-2017 11:24:00 UTC] PHP   1. {main}() /home/ubuntu/workspace/Week 2/Task 2/index.php:0
[16-Jul-2017 11:24:00 UTC] PHP Fatal error:  Class 'wp\PostSeeder' not found in /home/ubuntu/workspace/Week 2/Task 2/index.php on line 4
[16-Jul-2017 11:24:00 UTC] PHP Stack trace:
[16-Jul-2017 11:24:00 UTC] PHP   1. {main}() /home/ubuntu/workspace/Week 2/Task 2/index.php:0
[18-Jul-2017 07:05:29 UTC] PHP Fatal error:  Namespace declaration statement has to be the very first statement in the script in /home/ubuntu/workspace/Week 2/Task 3/classes/post.php on line 3
[18-Jul-2017 07:05:29 UTC] PHP Stack trace:
[18-Jul-2017 07:05:29 UTC] PHP   1. {main}() /home/ubuntu/workspace/Week 2/Task 3/index.php:0
[18-Jul-2017 07:05:29 UTC] PHP   2. include() /home/ubuntu/workspace/Week 2/Task 3/index.php:4
[18-Jul-2017 07:06:14 UTC] PHP Fatal error:  Call to undefined method wp\Comment::seecC() in /home/ubuntu/workspace/Week 2/Task 3/index.php on line 6
[18-Jul-2017 07:06:14 UTC] PHP Stack trace:
[18-Jul-2017 07:06:14 UTC] PHP   1. {main}() /home/ubuntu/workspace/Week 2/Task 3/index.php:0
[18-Jul-2017 07:07:35 UTC] PHP Fatal error:  Call to undefined method wp\Comment::seecC() in /home/ubuntu/workspace/Week 2/Task 3/index.php on line 6
[18-Jul-2017 07:07:35 UTC] PHP Stack trace:
[18-Jul-2017 07:07:35 UTC] PHP   1. {main}() /home/ubuntu/workspace/Week 2/Task 3/index.php:0
[26-Jul-2017 00:42:50 UTC] PHP Fatal error:  Call to undefined method wp\Comment::seecC() in /home/ubuntu/workspace/Week 2/Task 3/index.php on line 6
[26-Jul-2017 00:42:50 UTC] PHP Stack trace:
[26-Jul-2017 00:42:50 UTC] PHP   1. {main}() /home/ubuntu/workspace/Week 2/Task 3/index.php:0
[11-Aug-2017 05:38:33 UTC] PHP Notice:  Undefined variable: comments in /home/ubuntu/workspace/Week 2/Task 3/classes/post.php on line 18
[11-Aug-2017 05:38:33 UTC] PHP Notice:  Undefined variable: comments in /home/ubuntu/workspace/Week 2/Task 3/classes/post.php on line 18
[11-Aug-2017 05:38:33 UTC] PHP Notice:  Undefined variable: comments in /home/ubuntu/workspace/Week 2/Task 3/classes/post.php on line 18
[11-Aug-2017 05:38:33 UTC] PHP Fatal error:  Uncaught Error: Call to undefined method wp\Comment::seecC() in /home/ubuntu/workspace/Week 2/Task 3/index.php:6
Stack trace:
#0 {main}
  thrown in /home/ubuntu/workspace/Week 2/Task 3/index.php on line 6
